<mule xmlns="http://www.mulesoft.org/schema/mule/core"
      xmlns:xsi="http://www.w3.org/2001/XMLSchema-instance"
      xmlns:simple-olga="http://www.mulesoft.org/schema/mule/simple-olga"
      xsi:schemaLocation="http://www.mulesoft.org/schema/mule/core http://www.mulesoft.org/schema/mule/core/current/mule.xsd
          http://www.mulesoft.org/schema/mule/simple-olga http://www.mulesoft.org/schema/mule/simple-olga/current/mule-simple-olga.xsd">

    <simple-olga:config name="config" configId="configId">
        <simple-olga:connection requiredParameter="aValue" />
    </simple-olga:config>

    <flow name="sayHiFlow">
        <simple-olga:say-hi person="Mariano Gonzalez"/>
    </flow>

    <flow name="retrieveInfoFlow">
        <simple-olga:retrieve-info config-ref="config"/>
    </flow>

</mule>
